<?xml version="1.0" encoding="UTF-8"?>
<!-- Generated by org.testng.reporters.JUnitReportReporter -->
<testsuite hostname="DESKTOP-G2B9T5E" failures="0" tests="3" name="TestAnotationPractice.TestAnotation3" time="0.013" errors="0" timestamp="2022-09-01T10:11:40 IST" skipped="0">
  <testcase classname="TestAnotationPractice.TestAnotation3" name="m1" time="0.001"/>
  <system-out/>
  <testcase classname="TestAnotationPractice.TestAnotation3" name="m3" time="0.010"/>
  <system-out/>
  <testcase classname="TestAnotationPractice.TestAnotation3" name="m2" time="0.002"/>
  <system-out/>
</testsuite> <!-- TestAnotationPractice.TestAnotation3 -->
