<?xml version="1.0" encoding="UTF-8"?>
<!-- Generated by org.testng.reporters.JUnitReportReporter -->
<testsuite hostname="DESKTOP-G2B9T5E" failures="0" tests="3" name="PracticeOnTestNG.MethodAnnotationPractice" time="0.015" errors="0" timestamp="2022-09-01T10:06:44 IST" skipped="0">
  <testcase classname="PracticeOnTestNG.MethodAnnotationPractice" name="NotificationPageTest" time="0.007"/>
  <system-out/>
  <testcase classname="PracticeOnTestNG.MethodAnnotationPractice" name="ProfilePageTest" time="0.002"/>
  <system-out/>
  <testcase classname="PracticeOnTestNG.MethodAnnotationPractice" name="HomepageTest" time="0.006"/>
  <system-out/>
</testsuite> <!-- PracticeOnTestNG.MethodAnnotationPractice -->
