<?xml version="1.0" encoding="UTF-8"?>
<!-- Generated by org.testng.reporters.JUnitReportReporter -->
<testsuite hostname="DESKTOP-G2B9T5E" failures="0" tests="1" name="GroupsPractice.TestCase1" time="0.010" errors="0" timestamp="2022-09-01T10:47:23 IST" skipped="0">
  <testcase classname="GroupsPractice.TestCase1" name="Test1" time="0.010"/>
  <system-out/>
</testsuite> <!-- GroupsPractice.TestCase1 -->
