<?xml version="1.0" encoding="UTF-8"?>
<!-- Generated by org.testng.reporters.JUnitReportReporter -->
<testsuite hostname="DESKTOP-G2B9T5E" failures="0" tests="1" name="GroupsPractice.TestCase2" time="0.002" errors="0" timestamp="2022-09-01T10:47:23 IST" skipped="0">
  <testcase classname="GroupsPractice.TestCase2" name="Test4" time="0.002"/>
  <system-out/>
</testsuite> <!-- GroupsPractice.TestCase2 -->
