<?xml version="1.0" encoding="UTF-8"?>
<!-- Generated by org.testng.reporters.JUnitReportReporter -->
<testsuite hostname="DESKTOP-G2B9T5E" failures="0" tests="3" name="TestAnotationPractice.TestAnotation1" time="0.020" errors="0" timestamp="2022-09-01T10:11:03 IST" skipped="0">
  <testcase classname="TestAnotationPractice.TestAnotation1" name="m2" time="0.002"/>
  <system-out/>
  <testcase classname="TestAnotationPractice.TestAnotation1" name="m1" time="0.006"/>
  <system-out/>
  <testcase classname="TestAnotationPractice.TestAnotation1" name="m3" time="0.012"/>
  <system-out/>
</testsuite> <!-- TestAnotationPractice.TestAnotation1 -->
