<?xml version="1.0" encoding="UTF-8"?>
<!-- Generated by org.testng.reporters.JUnitReportReporter -->
<testsuite hostname="DESKTOP-G2B9T5E" failures="0" tests="3" name="TestNG.AnotationPractice" time="0.009" errors="0" timestamp="2022-08-01T10:20:54 IST" skipped="0">
  <testcase classname="TestNG.AnotationPractice" name="HomePageTest" time="0.005"/>
  <system-out/>
  <testcase classname="TestNG.AnotationPractice" name="ProfilePageTest" time="0.002"/>
  <system-out/>
  <testcase classname="TestNG.AnotationPractice" name="NotificationPageTest" time="0.002"/>
  <system-out/>
</testsuite> <!-- TestNG.AnotationPractice -->
