<?xml version="1.0" encoding="UTF-8"?>
<!-- Generated by org.testng.reporters.JUnitReportReporter -->
<testsuite hostname="DESKTOP-G2B9T5E" failures="0" tests="4" name="Keyword.TreadPoolsizePractice" time="39.428" errors="0" timestamp="2022-08-03T15:14:04 IST" skipped="0">
  <testcase classname="Keyword.TreadPoolsizePractice" name="OpenBrowser" time="8.793"/>
  <system-out/>
  <testcase classname="Keyword.TreadPoolsizePractice" name="OpenBrowser" time="12.962"/>
  <system-out/>
  <testcase classname="Keyword.TreadPoolsizePractice" name="OpenBrowser" time="8.942"/>
  <system-out/>
  <testcase classname="Keyword.TreadPoolsizePractice" name="OpenBrowser" time="8.731"/>
  <system-out/>
</testsuite> <!-- Keyword.TreadPoolsizePractice -->
