<?xml version="1.0" encoding="UTF-8"?>
<!-- Generated by org.testng.reporters.JUnitReportReporter -->
<testsuite hostname="DESKTOP-G2B9T5E" failures="0" tests="12" name="CBT.AllBrowser" time="19.284" errors="0" timestamp="2022-08-06T16:04:38 IST" skipped="0">
  <testcase classname="CBT.AllBrowser" name="crossBrowserTesting" time="8.043"/>
  <system-out/>
  <testcase classname="CBT.AllBrowser" name="crossBrowserTesting" time="5.258"/>
  <system-out/>
  <testcase classname="CBT.AllBrowser" name="verifyCurrentUrl" time="0.020"/>
  <system-out/>
  <testcase classname="CBT.AllBrowser" name="verifyCurrentUrl" time="0.013"/>
  <system-out/>
  <testcase classname="CBT.AllBrowser" name="verifyPageTititle" time="0.021"/>
  <system-out/>
  <testcase classname="CBT.AllBrowser" name="verifyPageTititle" time="0.011"/>
  <system-out/>
  <testcase classname="CBT.AllBrowser" name="verifyUsernamefield" time="0.188"/>
  <system-out/>
  <testcase classname="CBT.AllBrowser" name="verifyUsernamefield" time="0.154"/>
  <system-out/>
  <testcase classname="CBT.AllBrowser" name="verifypasswordfield" time="0.131"/>
  <system-out/>
  <testcase classname="CBT.AllBrowser" name="verifypasswordfield" time="0.115"/>
  <system-out/>
  <testcase classname="CBT.AllBrowser" name="clickLoginButton" time="5.253"/>
  <system-out/>
  <testcase classname="CBT.AllBrowser" name="clickLoginButton" time="0.077"/>
  <system-out/>
</testsuite> <!-- CBT.AllBrowser -->
