<?xml version="1.0" encoding="UTF-8"?>
<!-- Generated by org.testng.reporters.JUnitReportReporter -->
<testsuite hostname="DESKTOP-G2B9T5E" failures="0" tests="1" name="GroupsPractice.TestCase3" time="0.006" errors="0" timestamp="2022-09-01T10:47:23 IST" skipped="0">
  <testcase classname="GroupsPractice.TestCase3" name="Test7" time="0.006"/>
  <system-out/>
</testsuite> <!-- GroupsPractice.TestCase3 -->
