<?xml version="1.0" encoding="UTF-8"?>
<!-- Generated by org.testng.reporters.JUnitReportReporter -->
<testsuite hostname="DESKTOP-G2B9T5E" failures="0" tests="3" name="TestAnotationPractice.TestAnotation2" time="0.004" errors="0" timestamp="2022-09-01T10:11:03 IST" skipped="0">
  <testcase classname="TestAnotationPractice.TestAnotation2" name="m6" time="0.002"/>
  <system-out/>
  <testcase classname="TestAnotationPractice.TestAnotation2" name="m4" time="0.001"/>
  <system-out/>
  <testcase classname="TestAnotationPractice.TestAnotation2" name="m5" time="0.001"/>
  <system-out/>
</testsuite> <!-- TestAnotationPractice.TestAnotation2 -->
