<?xml version="1.0" encoding="UTF-8"?>
<!-- Generated by org.testng.reporters.JUnitReportReporter -->
<testsuite hostname="DESKTOP-G2B9T5E" failures="0" tests="1" name="TestNG.TestNGPractice" time="0.013" errors="0" timestamp="2022-07-31T09:58:51 IST" skipped="0">
  <testcase classname="TestNG.TestNGPractice" name="openUrl" time="0.013"/>
  <system-out/>
</testsuite> <!-- TestNG.TestNGPractice -->
