<?xml version="1.0" encoding="UTF-8"?>
<!-- Generated by org.testng.reporters.JUnitReportReporter -->
<testsuite hostname="DESKTOP-G2B9T5E" failures="0" tests="3" name="PracticeOnTestNG.TestNGPractice" time="0.006" errors="0" timestamp="2022-08-03T15:14:04 IST" skipped="0">
  <testcase classname="PracticeOnTestNG.TestNGPractice" name="openUrl" time="0.001"/>
  <system-out>
    <![CDATA[browser is launched and url hitted]]>
  </system-out>
  <testcase classname="PracticeOnTestNG.TestNGPractice" name="login" time="0.002"/>
  <system-out>
    <![CDATA[Logged in to the application sucessfully]]>
  </system-out>
  <testcase classname="PracticeOnTestNG.TestNGPractice" name="logout" time="0.003"/>
  <system-out>
    <![CDATA[Logged out from the application]]>
  </system-out>
</testsuite> <!-- PracticeOnTestNG.TestNGPractice -->
