<?xml version="1.0" encoding="UTF-8"?>
<!-- Generated by org.testng.reporters.JUnitReportReporter -->
<testsuite hostname="DESKTOP-G2B9T5E" failures="0" tests="3" name="PracticeOnTestNG.ClassAnotationPractice" time="0.010" errors="0" timestamp="2022-09-01T10:07:43 IST" skipped="0">
  <testcase classname="PracticeOnTestNG.ClassAnotationPractice" name="HomePageTest" time="0.006"/>
  <system-out/>
  <testcase classname="PracticeOnTestNG.ClassAnotationPractice" name="ProfilePageTest" time="0.002"/>
  <system-out/>
  <testcase classname="PracticeOnTestNG.ClassAnotationPractice" name="NotificationPageTest" time="0.002"/>
  <system-out/>
</testsuite> <!-- PracticeOnTestNG.ClassAnotationPractice -->
