<?xml version="1.0" encoding="UTF-8"?>
<!-- Generated by org.testng.reporters.JUnitReportReporter -->
<testsuite hostname="DESKTOP-G2B9T5E" failures="0" tests="6" name="Keyword.EnableFalse" time="0.013" errors="0" timestamp="2022-08-03T15:14:04 IST" skipped="1">
  <testcase classname="Keyword.EnableFalse" name="HomePageTest" time="0.002"/>
  <system-out/>
  <testcase classname="Keyword.EnableFalse" name="HomePageTest" time="0.002"/>
  <system-out/>
  <testcase classname="Keyword.EnableFalse" name="HomePageTest" time="0.001"/>
  <system-out/>
  <testcase classname="Keyword.EnableFalse" name="HomePageTest" time="0.003"/>
  <system-out/>
  <testcase classname="Keyword.EnableFalse" name="HomePageTest" time="0.005"/>
  <system-out/>
  <testcase classname="Keyword.EnableFalse" name="NotificationPageTest">
    <skipped/>
  </testcase> <!-- NotificationPageTest -->
  <system-out/>
</testsuite> <!-- Keyword.EnableFalse -->
