<?xml version="1.0" encoding="UTF-8"?>
<!-- Generated by org.testng.reporters.JUnitReportReporter -->
<testsuite hostname="DESKTOP-G2B9T5E" failures="0" tests="1" name="AssertionPractice.SampleAssertPractice" time="0.015" errors="0" timestamp="2022-08-08T10:30:27 IST" skipped="0">
  <testcase classname="AssertionPractice.SampleAssertPractice" name="Demo2" time="0.015"/>
  <system-out/>
</testsuite> <!-- AssertionPractice.SampleAssertPractice -->
