<?xml version="1.0" encoding="UTF-8"?>
<!-- Generated by org.testng.reporters.JUnitReportReporter -->
<testsuite hostname="DESKTOP-G2B9T5E" failures="0" tests="3" name="Keyword.TimesOuts" time="4.016" errors="0" timestamp="2022-08-03T15:14:04 IST" skipped="0">
  <testcase classname="Keyword.TimesOuts" name="NotificationPage" time="0.005"/>
  <system-out/>
  <testcase classname="Keyword.TimesOuts" name="NotificationPage" time="0.003"/>
  <system-out/>
  <testcase classname="Keyword.TimesOuts" name="HomePage" time="4.008"/>
  <system-out/>
</testsuite> <!-- Keyword.TimesOuts -->
