<?xml version="1.0" encoding="UTF-8"?>
<!-- Generated by org.testng.reporters.JUnitReportReporter -->
<testsuite hostname="DESKTOP-G2B9T5E" failures="0" tests="3" name="TestNG.MethodAnnotationPractice" time="0.023" errors="0" timestamp="2022-08-01T09:58:22 IST" skipped="0">
  <testcase classname="TestNG.MethodAnnotationPractice" name="ProfilePageTest" time="0.007"/>
  <system-out/>
  <testcase classname="TestNG.MethodAnnotationPractice" name="HomepageTest" time="0.012"/>
  <system-out/>
  <testcase classname="TestNG.MethodAnnotationPractice" name="NotificationPageTest" time="0.004"/>
  <system-out/>
</testsuite> <!-- TestNG.MethodAnnotationPractice -->
