<?xml version="1.0" encoding="UTF-8"?>
<!-- Generated by org.testng.reporters.JUnitReportReporter -->
<testsuite hostname="DESKTOP-G2B9T5E" failures="0" tests="6" name="Keyword.InvocationCount" time="0.020" errors="0" timestamp="2022-08-03T15:14:04 IST" skipped="0">
  <testcase classname="Keyword.InvocationCount" name="NotificationPage" time="0.002"/>
  <system-out/>
  <testcase classname="Keyword.InvocationCount" name="HomePage" time="0.004"/>
  <system-out/>
  <testcase classname="Keyword.InvocationCount" name="HomePage" time="0.006"/>
  <system-out/>
  <testcase classname="Keyword.InvocationCount" name="HomePage" time="0.003"/>
  <system-out/>
  <testcase classname="Keyword.InvocationCount" name="HomePage" time="0.004"/>
  <system-out/>
  <testcase classname="Keyword.InvocationCount" name="HomePage" time="0.001"/>
  <system-out/>
</testsuite> <!-- Keyword.InvocationCount -->
