<?xml version="1.0" encoding="UTF-8"?>
<!-- Generated by org.testng.reporters.JUnitReportReporter -->
<testsuite hostname="DESKTOP-G2B9T5E" failures="0" tests="3" name="Keyword.DependsOnMethod" time="0.003" errors="0" timestamp="2022-08-03T15:14:04 IST" skipped="0">
  <testcase classname="Keyword.DependsOnMethod" name="OpenURL" time="0.001"/>
  <system-out/>
  <testcase classname="Keyword.DependsOnMethod" name="LoginPage" time="0.001"/>
  <system-out/>
  <testcase classname="Keyword.DependsOnMethod" name="LogoutPage" time="0.001"/>
  <system-out/>
</testsuite> <!-- Keyword.DependsOnMethod -->
